[I 200120 14:56:34 command:139] Visit me at http://localhost:5555
[I 200120 14:56:34 command:144] Broker: amqp://user:**@localhost:5672//
[I 200120 14:56:34 command:147] Registered tasks: 
    ['celery.backend_cleanup',
     'celery.chain',
     'celery.chord',
     'celery.chord_unlock',
     'celery.chunks',
     'celery.group',
     'celery.map',
     'celery.starmap']
[I 200120 14:56:34 mixins:231] Connected to amqp://user:**@127.0.0.1:5672//
[W 200120 14:56:38 control:44] 'stats' inspect method failed
[W 200120 14:56:38 control:44] 'active_queues' inspect method failed
[W 200120 14:56:38 control:44] 'registered' inspect method failed
[W 200120 14:56:38 control:44] 'scheduled' inspect method failed
[W 200120 14:56:38 control:44] 'active' inspect method failed
[W 200120 14:56:38 control:44] 'reserved' inspect method failed
[W 200120 14:56:38 control:44] 'revoked' inspect method failed
[W 200120 14:56:38 control:44] 'conf' inspect method failed
